<?xml version="1.0" encoding="UTF-8"?>
<!-- Generated by org.testng.reporters.JUnitReportReporter -->
<testsuite hostname="KairosHW0347" failures="0" tests="4" name="api.test.UserTests" time="8.109" errors="0" timestamp="2023-10-14T11:17:47 IST" skipped="0">
  <testcase classname="api.test.UserTests" name="testPostUser" time="3.121"/>
  <testcase classname="api.test.UserTests" name="testGetUSerByName" time="1.460"/>
  <testcase classname="api.test.UserTests" name="testUpdateUserByName" time="2.407"/>
  <testcase classname="api.test.UserTests" name="testDeleteUser" time="1.121"/>
</testsuite> <!-- api.test.UserTests -->
