<?xml version="1.0" encoding="UTF-8"?>
<!-- Generated by org.testng.reporters.JUnitReportReporter -->
<testsuite hostname="KairosHW0347" failures="0" tests="4" name="api.test.UserTests2" time="10.283" errors="0" timestamp="2023-10-14T12:21:51 IST" skipped="0">
  <testcase classname="api.test.UserTests2" name="testPostUser" time="4.380"/>
  <testcase classname="api.test.UserTests2" name="testGetUSerByName" time="1.427"/>
  <testcase classname="api.test.UserTests2" name="testUpdateUserByName" time="2.964"/>
  <testcase classname="api.test.UserTests2" name="testDeleteUser" time="1.512"/>
</testsuite> <!-- api.test.UserTests2 -->
