<?xml version="1.0" encoding="UTF-8"?>
<!-- Generated by org.testng.reporters.JUnitReportReporter -->
<testsuite hostname="KairosHW0347" failures="0" tests="6" name="api.test.DDTests" time="6.638" errors="0" timestamp="2023-10-14T11:17:47 IST" skipped="0">
  <testcase classname="api.test.DDTests" name="testPostUser" time="1.082"/>
  <testcase classname="api.test.DDTests" name="testPostUser" time="1.122"/>
  <testcase classname="api.test.DDTests" name="testPostUser" time="1.088"/>
  <testcase classname="api.test.DDTests" name="testDeleteByName" time="1.123"/>
  <testcase classname="api.test.DDTests" name="testDeleteByName" time="1.118"/>
  <testcase classname="api.test.DDTests" name="testDeleteByName" time="1.105"/>
</testsuite> <!-- api.test.DDTests -->
