<?xml version="1.0" encoding="UTF-8"?>
<!-- Generated by org.testng.reporters.JUnitReportReporter -->
<testsuite hostname="KairosHW0347" failures="0" tests="6" name="api.test.DDTests" time="8.265" errors="0" timestamp="2023-10-14T14:41:57 IST" skipped="0">
  <testcase classname="api.test.DDTests" name="testPostUser" time="1.344"/>
  <testcase classname="api.test.DDTests" name="testPostUser" time="1.516"/>
  <testcase classname="api.test.DDTests" name="testPostUser" time="1.227"/>
  <testcase classname="api.test.DDTests" name="testDeleteByName" time="1.424"/>
  <testcase classname="api.test.DDTests" name="testDeleteByName" time="1.439"/>
  <testcase classname="api.test.DDTests" name="testDeleteByName" time="1.315"/>
</testsuite> <!-- api.test.DDTests -->
