<?xml version="1.0" encoding="UTF-8"?>
<!-- Generated by org.testng.reporters.JUnitReportReporter -->
<testsuite hostname="KairosHW0347" failures="0" tests="4" name="api.test.UserTests2" time="9.355" errors="0" timestamp="2023-10-14T14:41:57 IST" skipped="0">
  <testcase classname="api.test.UserTests2" name="testPostUser" time="3.238"/>
  <testcase classname="api.test.UserTests2" name="testGetUSerByName" time="1.515"/>
  <testcase classname="api.test.UserTests2" name="testUpdateUserByName" time="3.161"/>
  <testcase classname="api.test.UserTests2" name="testDeleteUser" time="1.441"/>
</testsuite> <!-- api.test.UserTests2 -->
